<?xml version="1.0" encoding="UTF-8"?>
<!-- Generated by org.testng.reporters.JUnitXMLReporter -->
<testsuite ignored="1" hostname="USBLRANADUVINA5" failures="0" tests="2" name="Car Loan" time="0.009" errors="0" timestamp="2025-05-24T14:32:18 IST">
  <testcase classname="com.testNG.Practice.DayNo3" name="ApILoginCarLoan" time="0.001"/>
  <testcase classname="com.testNG.Practice.DayNo3" name="WebLoginCarLoan" time="0.001"/>
  <testcase classname="com.testNG.Practice.DayNo3" name="MobileLoginCarLoan" time="0.0">
    <ignored/>
  </testcase> <!-- MobileLoginCarLoan -->
</testsuite> <!-- Car Loan -->
