<?xml version="1.0" encoding="UTF-8"?>
<!-- Generated by org.testng.reporters.JUnitXMLReporter -->
<testsuite ignored="1" hostname="USBLRANADUVINA5" failures="0" tests="8" name="dependsonMethosExecution" time="0.085" errors="0" timestamp="2025-05-25T10:58:24 IST">
  <testcase classname="com.testNG.Practice.DayNo3" name="MobileLoginCarLoan" time="0.006"/>
  <testcase classname="com.testNG.Practice.DayNo3" name="WebLoginCarLoan" time="0.001"/>
  <testcase classname="com.testNG.Practice.DayNo3" name="ApILoginCarLoan" time="0.002"/>
  <testcase classname="com.testNG.Practice.DayNo4" name="MobileLoginHomeLoan" time="0.002"/>
  <testcase classname="com.testNG.Practice.DayNo4" name="PrintData" time="0.002"/>
  <testcase classname="com.testNG.Practice.DayNo4" name="PrintData" time="0.001"/>
  <testcase classname="com.testNG.Practice.DayNo4" name="PrintData" time="0.001"/>
  <testcase classname="com.testNG.Practice.DayNo4" name="WebLoginHomeLoan" time="0.001"/>
  <testcase classname="com.testNG.Practice.DayNo4" name="ApILoginHomeLoan" time="0.0">
    <ignored/>
  </testcase> <!-- ApILoginHomeLoan -->
</testsuite> <!-- dependsonMethosExecution -->
