<?xml version="1.0" encoding="UTF-8"?>
<!-- Generated by org.testng.reporters.JUnitXMLReporter -->
<testsuite ignored="1" hostname="USBLRANADUVINA5" failures="0" tests="2" name="Home Loan" time="0.007" errors="0" timestamp="2025-05-24T14:32:18 IST">
  <testcase classname="com.testNG.Practice.DayNo4" name="ApILoginHomeLoan" time="0.001"/>
  <testcase classname="com.testNG.Practice.DayNo4" name="MobileLoginHomeLoan" time="0.001"/>
  <testcase classname="com.testNG.Practice.DayNo4" name="WebLoginHomeLoan" time="0.0">
    <ignored/>
  </testcase> <!-- WebLoginHomeLoan -->
</testsuite> <!-- Home Loan -->
