<?xml version="1.0" encoding="UTF-8"?>
<!-- Generated by org.testng.reporters.JUnitXMLReporter -->
<testsuite ignored="1" hostname="USBLRANADUVINA5" failures="2" tests="11" name="Personal Loan" time="0.11" errors="0" timestamp="2025-05-25T10:54:57 IST">
  <testcase classname="com.testNG.Practice.DayNo1" name="Demo" time="0.006"/>
  <testcase classname="com.testNG.Practice.DayNo1" name="SecondRun" time="0.001"/>
  <testcase classname="com.testNG.Practice.DayNo2" name="SecondDay" time="0.003"/>
  <testcase classname="com.testNG.Practice.DayNo3" name="MobileLoginCarLoan" time="0.001"/>
  <testcase classname="com.testNG.Practice.DayNo3" name="WebLoginCarLoan" time="0.002"/>
  <testcase classname="com.testNG.Practice.DayNo3" name="ApILoginCarLoan" time="0.002"/>
  <testcase classname="com.testNG.Practice.DayNo4" name="MobileLoginHomeLoan" time="0.0">
    <failure type="org.testng.TestNGException" message="
Parameter &amp;apos;URL&amp;apos; is required by @Test on method MobileLoginHomeLoan but has not been marked @Optional or defined
in C:\Users\anaduvinahalli\eclipse-workspace\TestNGTutorial\testng2.xml">
      <![CDATA[org.testng.TestNGException: 
Parameter 'URL' is required by @Test on method MobileLoginHomeLoan but has not been marked @Optional or defined
in C:\Users\anaduvinahalli\eclipse-workspace\TestNGTutorial\testng2.xml
at java.base/java.util.ArrayList.forEach(ArrayList.java:1596)
... Removed 26 stack frames]]>
    </failure>
  </testcase> <!-- MobileLoginHomeLoan -->
  <testcase classname="com.testNG.Practice.DayNo4" name="PrintData" time="0.003"/>
  <testcase classname="com.testNG.Practice.DayNo4" name="PrintData" time="0.001"/>
  <testcase classname="com.testNG.Practice.DayNo4" name="PrintData" time="0.001"/>
  <testcase classname="com.testNG.Practice.DayNo4" name="WebLoginHomeLoan" time="0.0">
    <failure type="org.testng.TestNGException" message="
Parameter &amp;apos;URL&amp;apos; is required by @Test on method WebLoginHomeLoan but has not been marked @Optional or defined
in C:\Users\anaduvinahalli\eclipse-workspace\TestNGTutorial\testng2.xml">
      <![CDATA[org.testng.TestNGException: 
Parameter 'URL' is required by @Test on method WebLoginHomeLoan but has not been marked @Optional or defined
in C:\Users\anaduvinahalli\eclipse-workspace\TestNGTutorial\testng2.xml
at java.base/java.util.ArrayList.forEach(ArrayList.java:1596)
... Removed 26 stack frames]]>
    </failure>
  </testcase> <!-- WebLoginHomeLoan -->
  <testcase classname="com.testNG.Practice.DayNo4" name="ApILoginHomeLoan" time="0.0">
    <ignored/>
  </testcase> <!-- ApILoginHomeLoan -->
</testsuite> <!-- Personal Loan -->
