<html>
<head>
<title>TestNG:  Personal Loan</title>
<link href="../testng.css" rel="stylesheet" type="text/css" />
<link href="../my-testng.css" rel="stylesheet" type="text/css" />

<style type="text/css">
.log { display: none;} 
.stack-trace { display: none;} 
</style>
<script type="text/javascript">
<!--
function flip(e) {
  current = e.style.display;
  if (current == 'block') {
    e.style.display = 'none';
    return 0;
  }
  else {
    e.style.display = 'block';
    return 1;
  }
}

function toggleBox(szDivId, elem, msg1, msg2)
{
  var res = -1;  if (document.getElementById) {
    res = flip(document.getElementById(szDivId));
  }
  else if (document.all) {
    // this is the way old msie versions work
    res = flip(document.all[szDivId]);
  }
  if(elem) {
    if(res == 0) elem.innerHTML = msg1; else elem.innerHTML = msg2;
  }

}

function toggleAllBoxes() {
  if (document.getElementsByTagName) {
    d = document.getElementsByTagName('div');
    for (i = 0; i < d.length; i++) {
      if (d[i].className == 'log') {
        flip(d[i]);
      }
    }
  }
}

// -->
</script>

</head>
<body>
<h2 align='center'>Personal Loan</h2><table border='1' align="center">
<tr>
<td>Tests passed/Failed/Skipped:</td><td>9/2/0</td>
</tr><tr>
<td>Started on:</td><td>Sun May 25 10:54:56 IST 2025</td>
</tr>
<tr><td>Total time:</td><td>0 seconds (110 ms)</td>
</tr><tr>
<td>Included groups:</td><td></td>
</tr><tr>
<td>Excluded groups:</td><td></td>
</tr>
</table><p/>
<small><i>(Hover the method name to see the test class name)</i></small><p/>
<table width='100%' border='1' class='invocation-failed'>
<tr><td colspan='4' align='center'><b>FAILED TESTS</b></td></tr>
<tr><td><b>Test method</b></td>
<td><b>Attribute(s)</b></td>
<td width="30%"><b>Exception</b></td>
<td width="10%"><b>Time (seconds)</b></td>
<td><b>Instance</b></td>
</tr>
<tr>
<td title='com.testNG.Practice.DayNo4.MobileLoginHomeLoan()'><b>MobileLoginHomeLoan</b><br>Test class: com.testNG.Practice.DayNo4</td>
<td><div><pre>org.testng.TestNGException: 
Parameter &apos;URL&apos; is required by @Test on method MobileLoginHomeLoan but has not been marked @Optional or defined
in C:\Users\anaduvinahalli\eclipse-workspace\TestNGTutorial\testng2.xml
	at java.base/java.util.ArrayList.forEach(ArrayList.java:1596)
... Removed 26 stack frames</pre></div><a href='#' onClick='toggleBox("stack-trace1632413663", this, "Click to show all stack frames", "Click to hide stack frames")'>Click to show all stack frames</a>
<div class='stack-trace' id='stack-trace1632413663'><pre>org.testng.TestNGException: 
Parameter &apos;URL&apos; is required by @Test on method MobileLoginHomeLoan but has not been marked @Optional or defined
in C:\Users\anaduvinahalli\eclipse-workspace\TestNGTutorial\testng2.xml
	at org.testng.internal.Parameters.createParams(Parameters.java:264)
	at org.testng.internal.Parameters.createParametersForMethod(Parameters.java:352)
	at org.testng.internal.Parameters.createParameters(Parameters.java:690)
	at org.testng.internal.Parameters.handleParameters(Parameters.java:885)
	at org.testng.internal.Parameters.handleParameters(Parameters.java:734)
	at org.testng.internal.invokers.ParameterHandler.handleParameters(ParameterHandler.java:72)
	at org.testng.internal.invokers.ParameterHandler.createParameters(ParameterHandler.java:51)
	at org.testng.internal.invokers.TestInvoker$MethodInvocationAgent.invoke(TestInvoker.java:949)
	at org.testng.internal.invokers.TestInvoker.invokeTestMethods(TestInvoker.java:203)
	at org.testng.internal.invokers.TestMethodWorker.invokeTestMethods(TestMethodWorker.java:154)
	at org.testng.internal.invokers.TestMethodWorker.run(TestMethodWorker.java:134)
	at java.base/java.util.ArrayList.forEach(ArrayList.java:1596)
	at org.testng.TestRunner.privateRun(TestRunner.java:741)
	at org.testng.TestRunner.run(TestRunner.java:616)
	at org.testng.SuiteRunner.runTest(SuiteRunner.java:421)
	at org.testng.SuiteRunner.runSequentially(SuiteRunner.java:413)
	at org.testng.SuiteRunner.privateRun(SuiteRunner.java:373)
	at org.testng.SuiteRunner.run(SuiteRunner.java:312)
	at org.testng.SuiteRunnerWorker.runSuite(SuiteRunnerWorker.java:52)
	at org.testng.SuiteRunnerWorker.run(SuiteRunnerWorker.java:95)
	at org.testng.TestNG.runSuitesSequentially(TestNG.java:1274)
	at org.testng.TestNG.runSuitesLocally(TestNG.java:1208)
	at org.testng.TestNG.runSuites(TestNG.java:1112)
	at org.testng.TestNG.run(TestNG.java:1079)
	at org.testng.remote.AbstractRemoteTestNG.run(AbstractRemoteTestNG.java:115)
	at org.testng.remote.RemoteTestNG.initAndRun(RemoteTestNG.java:293)
	at org.testng.remote.RemoteTestNG.main(RemoteTestNG.java:91)
</pre></div></td>
<td>0</td>
<td>com.testNG.Practice.DayNo4@7a8c8dcf</td></tr>
<tr>
<td title='com.testNG.Practice.DayNo4.WebLoginHomeLoan()'><b>WebLoginHomeLoan</b><br>Test class: com.testNG.Practice.DayNo4</td>
<td><div><pre>org.testng.TestNGException: 
Parameter &apos;URL&apos; is required by @Test on method WebLoginHomeLoan but has not been marked @Optional or defined
in C:\Users\anaduvinahalli\eclipse-workspace\TestNGTutorial\testng2.xml
	at java.base/java.util.ArrayList.forEach(ArrayList.java:1596)
... Removed 26 stack frames</pre></div><a href='#' onClick='toggleBox("stack-trace224100622", this, "Click to show all stack frames", "Click to hide stack frames")'>Click to show all stack frames</a>
<div class='stack-trace' id='stack-trace224100622'><pre>org.testng.TestNGException: 
Parameter &apos;URL&apos; is required by @Test on method WebLoginHomeLoan but has not been marked @Optional or defined
in C:\Users\anaduvinahalli\eclipse-workspace\TestNGTutorial\testng2.xml
	at org.testng.internal.Parameters.createParams(Parameters.java:264)
	at org.testng.internal.Parameters.createParametersForMethod(Parameters.java:352)
	at org.testng.internal.Parameters.createParameters(Parameters.java:690)
	at org.testng.internal.Parameters.handleParameters(Parameters.java:885)
	at org.testng.internal.Parameters.handleParameters(Parameters.java:734)
	at org.testng.internal.invokers.ParameterHandler.handleParameters(ParameterHandler.java:72)
	at org.testng.internal.invokers.ParameterHandler.createParameters(ParameterHandler.java:51)
	at org.testng.internal.invokers.TestInvoker$MethodInvocationAgent.invoke(TestInvoker.java:949)
	at org.testng.internal.invokers.TestInvoker.invokeTestMethods(TestInvoker.java:203)
	at org.testng.internal.invokers.TestMethodWorker.invokeTestMethods(TestMethodWorker.java:154)
	at org.testng.internal.invokers.TestMethodWorker.run(TestMethodWorker.java:134)
	at java.base/java.util.ArrayList.forEach(ArrayList.java:1596)
	at org.testng.TestRunner.privateRun(TestRunner.java:741)
	at org.testng.TestRunner.run(TestRunner.java:616)
	at org.testng.SuiteRunner.runTest(SuiteRunner.java:421)
	at org.testng.SuiteRunner.runSequentially(SuiteRunner.java:413)
	at org.testng.SuiteRunner.privateRun(SuiteRunner.java:373)
	at org.testng.SuiteRunner.run(SuiteRunner.java:312)
	at org.testng.SuiteRunnerWorker.runSuite(SuiteRunnerWorker.java:52)
	at org.testng.SuiteRunnerWorker.run(SuiteRunnerWorker.java:95)
	at org.testng.TestNG.runSuitesSequentially(TestNG.java:1274)
	at org.testng.TestNG.runSuitesLocally(TestNG.java:1208)
	at org.testng.TestNG.runSuites(TestNG.java:1112)
	at org.testng.TestNG.run(TestNG.java:1079)
	at org.testng.remote.AbstractRemoteTestNG.run(AbstractRemoteTestNG.java:115)
	at org.testng.remote.RemoteTestNG.initAndRun(RemoteTestNG.java:293)
	at org.testng.remote.RemoteTestNG.main(RemoteTestNG.java:91)
</pre></div></td>
<td>0</td>
<td>com.testNG.Practice.DayNo4@7a8c8dcf</td></tr>
</table><p>
<table width='100%' border='1' class='invocation-passed'>
<tr><td colspan='4' align='center'><b>PASSED TESTS</b></td></tr>
<tr><td><b>Test method</b></td>
<td><b>Attribute(s)</b></td>
<td width="30%"><b>Exception</b></td>
<td width="10%"><b>Time (seconds)</b></td>
<td><b>Instance</b></td>
</tr>
<tr>
<td title='com.testNG.Practice.DayNo3.MobileLoginCarLoan()'><b>MobileLoginCarLoan</b><br>Test class: com.testNG.Practice.DayNo3</td>
<td></td>
<td>0</td>
<td>com.testNG.Practice.DayNo3@5dda768f</td></tr>
<tr>
<td title='com.testNG.Practice.DayNo4.PrintData()'><b>PrintData</b><br>Test class: com.testNG.Practice.DayNo4<br>Parameters: Raksh, Raksh@123</td>
<td></td>
<td>0</td>
<td>com.testNG.Practice.DayNo4@7a8c8dcf</td></tr>
<tr>
<td title='com.testNG.Practice.DayNo1.Demo()'><b>Demo</b><br>Test class: com.testNG.Practice.DayNo1</td>
<td></td>
<td>0</td>
<td>com.testNG.Practice.DayNo1@40005471</td></tr>
<tr>
<td title='com.testNG.Practice.DayNo2.SecondDay()'><b>SecondDay</b><br>Test class: com.testNG.Practice.DayNo2</td>
<td></td>
<td>0</td>
<td>com.testNG.Practice.DayNo2@55fe41ea</td></tr>
<tr>
<td title='com.testNG.Practice.DayNo3.ApILoginCarLoan()'><b>ApILoginCarLoan</b><br>Test class: com.testNG.Practice.DayNo3</td>
<td></td>
<td>0</td>
<td>com.testNG.Practice.DayNo3@5dda768f</td></tr>
<tr>
<td title='com.testNG.Practice.DayNo4.PrintData()'><b>PrintData</b><br>Test class: com.testNG.Practice.DayNo4<br>Parameters: Arun, Arun@123</td>
<td></td>
<td>0</td>
<td>com.testNG.Practice.DayNo4@7a8c8dcf</td></tr>
<tr>
<td title='com.testNG.Practice.DayNo4.PrintData()'><b>PrintData</b><br>Test class: com.testNG.Practice.DayNo4<br>Parameters: Kavya, Kavya@123</td>
<td></td>
<td>0</td>
<td>com.testNG.Practice.DayNo4@7a8c8dcf</td></tr>
<tr>
<td title='com.testNG.Practice.DayNo3.WebLoginCarLoan()'><b>WebLoginCarLoan</b><br>Test class: com.testNG.Practice.DayNo3</td>
<td></td>
<td>0</td>
<td>com.testNG.Practice.DayNo3@5dda768f</td></tr>
<tr>
<td title='com.testNG.Practice.DayNo1.SecondRun()'><b>SecondRun</b><br>Test class: com.testNG.Practice.DayNo1</td>
<td></td>
<td>0</td>
<td>com.testNG.Practice.DayNo1@40005471</td></tr>
</table><p>
</body>
</html>