<?xml version="1.0" encoding="UTF-8"?>
<!-- Generated by org.testng.reporters.JUnitXMLReporter -->
<testsuite ignored="0" hostname="USBLRANADUVINA5" failures="0" tests="3" name="PersonalLoan" time="0.055" errors="0" timestamp="2025-05-24T11:09:15 IST">
  <testcase classname="com.testNG.Practice.DayNo1" name="Demo" time="0.016"/>
  <testcase classname="com.testNG.Practice.DayNo1" name="SecondRun" time="0.001"/>
  <testcase classname="com.testNG.Practice.DayNo2" name="SecondDay" time="0.001"/>
</testsuite> <!-- PersonalLoan -->
