<?xml version="1.0" encoding="UTF-8"?>
<!-- Generated by org.testng.reporters.JUnitReportReporter -->
<testsuite hostname="USBLRANADUVINA5" failures="0" tests="3" name="com.testNG.Practice.DayNo3" time="0.009" errors="0" timestamp="2025-05-25T10:58:24 IST" skipped="0">
  <testcase classname="com.testNG.Practice.DayNo3" name="MobileLoginCarLoan" time="0.006"/>
  <testcase classname="com.testNG.Practice.DayNo3" name="WebLoginCarLoan" time="0.001"/>
  <testcase classname="com.testNG.Practice.DayNo3" name="ApILoginCarLoan" time="0.002"/>
</testsuite> <!-- com.testNG.Practice.DayNo3 -->
