<?xml version="1.0" encoding="UTF-8"?>
<!-- Generated by org.testng.reporters.JUnitReportReporter -->
<testsuite hostname="USBLRANADUVINA5" failures="0" tests="6" name="com.testNG.Practice.DayNo4" time="0.007" errors="0" timestamp="2025-05-25T10:58:24 IST" skipped="1">
  <testcase classname="com.testNG.Practice.DayNo4" name="MobileLoginHomeLoan" time="0.002"/>
  <testcase classname="com.testNG.Practice.DayNo4" name="PrintData" time="0.001"/>
  <testcase classname="com.testNG.Practice.DayNo4" name="WebLoginHomeLoan" time="0.001"/>
  <testcase classname="com.testNG.Practice.DayNo4" name="PrintData" time="0.002"/>
  <testcase classname="com.testNG.Practice.DayNo4" name="PrintData" time="0.001"/>
  <testcase classname="com.testNG.Practice.DayNo4" name="ApILoginHomeLoan">
    <skipped/>
  </testcase> <!-- ApILoginHomeLoan -->
</testsuite> <!-- com.testNG.Practice.DayNo4 -->
